Using pre-set license
Built from '2020.3/staging' branch; Version is '2020.3.18f1 (a7d1c678663c) revision 10998214'; Using compiler version '192528614'; Build Type 'Release'
OS: 'Windows 10 Home Single Language; OS build 19042.1237; Version 2009; 64bit' Language: 'en' Physical Memory: 7874 MB
BatchMode: 1, IsHumanControllingUs: 0, StartBugReporterOnCrash: 0, Is64bit: 1, IsPro: 0

COMMAND LINE ARGUMENTS:
C:\Program Files\Unity\Hub\Editor\2020.3.18f1\Editor\Unity.exe
-adb2
-batchMode
-noUpm
-name
AssetImportWorker0
-projectPath
D:/unityproject/firstproject
-logFile
Logs/AssetImportWorker0.log
-srvPort
58047
Successfully changed project path to: D:/unityproject/firstproject
D:/unityproject/firstproject
Using Asset Import Pipeline V2.
Refreshing native plugins compatible for Editor in 33.61 ms, found 2 plugins.
Preloading 0 native plugins for Editor in 0.00 ms.
Initialize engine version: 2020.3.18f1 (a7d1c678663c)
[Subsystems] Discovering subsystems at path C:/Program Files/Unity/Hub/Editor/2020.3.18f1/Editor/Data/Resources/UnitySubsystems
[Subsystems] Discovering subsystems at path D:/unityproject/firstproject/Assets
GfxDevice: creating device client; threaded=0
Direct3D:
    Version:  Direct3D 11.0 [level 11.1]
    Renderer: Radeon RX 560X (ID=0x67ef)
    Vendor:   
    VRAM:     4041 MB
    Driver:   26.20.12036.4002
Initialize mono
Mono path[0] = 'C:/Program Files/Unity/Hub/Editor/2020.3.18f1/Editor/Data/Managed'
Mono path[1] = 'C:/Program Files/Unity/Hub/Editor/2020.3.18f1/Editor/Data/MonoBleedingEdge/lib/mono/unityjit'
Mono config path = 'C:/Program Files/Unity/Hub/Editor/2020.3.18f1/Editor/Data/MonoBleedingEdge/etc'
Using monoOptions --debugger-agent=transport=dt_socket,embedding=1,server=y,suspend=n,address=127.0.0.1:56728
Begin MonoManager ReloadAssembly
Registering precompiled unity dll's ...
Register platform support module: C:/Program Files/Unity/Hub/Editor/2020.3.18f1/Editor/Data/PlaybackEngines/WebGLSupport/UnityEditor.WebGL.Extensions.dll
Register platform support module: C:/Program Files/Unity/Hub/Editor/2020.3.18f1/Editor/Data/PlaybackEngines/WindowsStandaloneSupport/UnityEditor.WindowsStandalone.Extensions.dll
Registered in 0.003249 seconds.
Native extension for WindowsStandalone target not found
Native extension for WebGL target not found
Refreshing native plugins compatible for Editor in 33.88 ms, found 2 plugins.
Preloading 0 native plugins for Editor in 0.00 ms.
Mono: successfully reloaded assembly
- Completed reload, in  1.759 seconds
Domain Reload Profiling:
	ReloadAssembly (1759ms)
		BeginReloadAssembly (73ms)
			ExecutionOrderSort (0ms)
			DisableScriptedObjects (0ms)
			BackupInstance (0ms)
			ReleaseScriptingObjects (0ms)
			CreateAndSetChildDomain (1ms)
		EndReloadAssembly (569ms)
			LoadAssemblies (71ms)
			RebuildTransferFunctionScriptingTraits (0ms)
			SetupTypeCache (217ms)
			ReleaseScriptCaches (0ms)
			RebuildScriptCaches (38ms)
			SetupLoadedEditorAssemblies (217ms)
				LogAssemblyErrors (0ms)
				InitializePlatformSupportModulesInManaged (7ms)
				SetLoadedEditorAssemblies (0ms)
				RefreshPlugins (34ms)
				BeforeProcessingInitializeOnLoad (26ms)
				ProcessInitializeOnLoadAttributes (107ms)
				ProcessInitializeOnLoadMethodAttributes (43ms)
				AfterProcessingInitializeOnLoad (0ms)
				EditorAssembliesLoaded (0ms)
			ExecutionOrderSort2 (0ms)
			AwakeInstancesAfterBackupRestoration (0ms)
Platform modules already initialized, skipping
Registering precompiled user dll's ...
Registered in 0.002329 seconds.
Begin MonoManager ReloadAssembly
Native extension for WindowsStandalone target not found
Native extension for WebGL target not found
Refreshing native plugins compatible for Editor in 0.42 ms, found 2 plugins.
Preloading 0 native plugins for Editor in 0.00 ms.
Mono: successfully reloaded assembly
- Completed reload, in  1.475 seconds
Domain Reload Profiling:
	ReloadAssembly (1476ms)
		BeginReloadAssembly (212ms)
			ExecutionOrderSort (0ms)
			DisableScriptedObjects (7ms)
			BackupInstance (0ms)
			ReleaseScriptingObjects (0ms)
			CreateAndSetChildDomain (31ms)
		EndReloadAssembly (1162ms)
			LoadAssemblies (126ms)
			RebuildTransferFunctionScriptingTraits (0ms)
			SetupTypeCache (374ms)
			ReleaseScriptCaches (1ms)
			RebuildScriptCaches (71ms)
			SetupLoadedEditorAssemblies (422ms)
				LogAssemblyErrors (0ms)
				InitializePlatformSupportModulesInManaged (10ms)
				SetLoadedEditorAssemblies (1ms)
				RefreshPlugins (1ms)
				BeforeProcessingInitializeOnLoad (109ms)
				ProcessInitializeOnLoadAttributes (286ms)
				ProcessInitializeOnLoadMethodAttributes (5ms)
				AfterProcessingInitializeOnLoad (10ms)
				EditorAssembliesLoaded (0ms)
			ExecutionOrderSort2 (0ms)
			AwakeInstancesAfterBackupRestoration (10ms)
Platform modules already initialized, skipping
========================================================================
Worker process is ready to serve import requests
Launched and connected shader compiler UnityShaderCompiler.exe after 0.09 seconds
Refreshing native plugins compatible for Editor in 0.98 ms, found 2 plugins.
Preloading 0 native plugins for Editor in 0.00 ms.
Unloading 1397 Unused Serialized files (Serialized files now loaded: 0)
System memory in use before: 64.9 MB.
System memory in use after: 64.9 MB.

Unloading 16 unused Assets to reduce memory usage. Loaded Objects now: 1832.
Total: 3.976300 ms (FindLiveObjects: 0.234800 ms CreateObjectMapping: 0.049400 ms MarkObjects: 3.578600 ms  DeleteObjects: 0.111700 ms)

AssetImportParameters requested are different than current active one (requested -> active):
  custom:framework-win-MediaFoundation: 216162199b28c13a410421893ffa2e32 -> 
  custom:video-decoder-ogg-theora: a1e56fd34408186e4bbccfd4996cb3dc -> 
  custom:container-muxer-webm: aa71ff27fc2769a1b78a27578f13a17b -> 
  custom:container-demuxer-webm: 4f35f7cbe854078d1ac9338744f61a02 -> 
  custom:container-demuxer-ogg: 62fdf1f143b41e24485cea50d1cbac27 -> 
  custom:video-encoder-webm-vp8: eb34c28f22e8b96e1ab97ce403110664 -> 
  custom:video-decoder-webm-vp8: 9c59270c3fd7afecdb556c50c9e8de78 -> 
  custom:audio-decoder-ogg-vorbis: bf7c407c2cedff20999df2af8eb42d56 -> 
  custom:audio-encoder-webm-vorbis: bf7c407c2cedff20999df2af8eb42d56 -> 
========================================================================
Received Import Request.
  path: Assets/animation
  artifactKey: Guid(b0b2226191756e44ca16b37a92b41e2c) Importer(815301076,1909f56bfc062723c751e8b465ee728b)
Start importing Assets/animation using Guid(b0b2226191756e44ca16b37a92b41e2c) Importer(815301076,1909f56bfc062723c751e8b465ee728b)  -> (artifact id: 'a0418d706212a9fc4534c648e8a831cc') in 0.013731 seconds 
  Import took 0.017904 seconds .

========================================================================
Received Import Request.
  Time since last request: 6.254171 seconds.
  path: Assets/animation/biranimation2.png
  artifactKey: Guid(957be342265b6604a96118708c9aa22c) Importer(815301076,1909f56bfc062723c751e8b465ee728b)
Start importing Assets/animation/biranimation2.png using Guid(957be342265b6604a96118708c9aa22c) Importer(815301076,1909f56bfc062723c751e8b465ee728b)  -> (artifact id: '33d978d5b5828b7684408e5f051ed3b9') in 0.106877 seconds 
  Import took 0.111459 seconds .

========================================================================
Received Import Request.
  Time since last request: 0.000317 seconds.
  path: Assets/animation/birdanimaition3.png
  artifactKey: Guid(41c86e02f2fc1df45bb7cf6cd5b9c315) Importer(815301076,1909f56bfc062723c751e8b465ee728b)
Start importing Assets/animation/birdanimaition3.png using Guid(41c86e02f2fc1df45bb7cf6cd5b9c315) Importer(815301076,1909f56bfc062723c751e8b465ee728b)  -> (artifact id: 'da7eba47d7688c7a9171103ea7c0171b') in 0.017191 seconds 
  Import took 0.020616 seconds .

========================================================================
Received Import Request.
  Time since last request: 115.970174 seconds.
  path: Assets/sprite
  artifactKey: Guid(ae12713bce054404c93006a0ef7b8c5f) Importer(815301076,1909f56bfc062723c751e8b465ee728b)
Start importing Assets/sprite using Guid(ae12713bce054404c93006a0ef7b8c5f) Importer(815301076,1909f56bfc062723c751e8b465ee728b)  -> (artifact id: '037f9706b472e0cecd88b9410df453a3') in 0.011388 seconds 
  Import took 0.015402 seconds .

========================================================================
Received Import Request.
  Time since last request: 7.606272 seconds.
  path: Assets/sprite/biranimation2.png
  artifactKey: Guid(4c93fbd9a1d504a469b6a20be1a19ca7) Importer(815301076,1909f56bfc062723c751e8b465ee728b)
Start importing Assets/sprite/biranimation2.png using Guid(4c93fbd9a1d504a469b6a20be1a19ca7) Importer(815301076,1909f56bfc062723c751e8b465ee728b)  -> (artifact id: 'f39600c20253d584b584d62f28f54e82') in 0.010181 seconds 
  Import took 0.014896 seconds .

========================================================================
Received Import Request.
  Time since last request: 0.000206 seconds.
  path: Assets/sprite/birdanimaition3.png
  artifactKey: Guid(26781a4f6692d53408702b2c507a1b9c) Importer(815301076,1909f56bfc062723c751e8b465ee728b)
Start importing Assets/sprite/birdanimaition3.png using Guid(26781a4f6692d53408702b2c507a1b9c) Importer(815301076,1909f56bfc062723c751e8b465ee728b)  -> (artifact id: '6bb6ffac7f4803d600c619171c42c6d2') in 0.009384 seconds 
  Import took 0.014868 seconds .

========================================================================
Received Import Request.
  Time since last request: 0.000274 seconds.
  path: Assets/sprite/biranimation2.png
  artifactKey: Guid(4c93fbd9a1d504a469b6a20be1a19ca7) Importer(815301076,1909f56bfc062723c751e8b465ee728b)
Start importing Assets/sprite/biranimation2.png using Guid(4c93fbd9a1d504a469b6a20be1a19ca7) Importer(815301076,1909f56bfc062723c751e8b465ee728b)  -> (artifact id: 'f39600c20253d584b584d62f28f54e82') in 0.015251 seconds 
  Import took 0.020431 seconds .

========================================================================
Received Import Request.
  Time since last request: 0.000429 seconds.
  path: Assets/sprite/birdanimaition3.png
  artifactKey: Guid(26781a4f6692d53408702b2c507a1b9c) Importer(815301076,1909f56bfc062723c751e8b465ee728b)
Start importing Assets/sprite/birdanimaition3.png using Guid(26781a4f6692d53408702b2c507a1b9c) Importer(815301076,1909f56bfc062723c751e8b465ee728b)  -> (artifact id: '6bb6ffac7f4803d600c619171c42c6d2') in 0.008602 seconds 
  Import took 0.012720 seconds .

========================================================================
Received Import Request.
  Time since last request: 342.353367 seconds.
  path: Assets/frefab
  artifactKey: Guid(f309ceeaefebcb24680a81de455f238c) Importer(815301076,1909f56bfc062723c751e8b465ee728b)
Start importing Assets/frefab using Guid(f309ceeaefebcb24680a81de455f238c) Importer(815301076,1909f56bfc062723c751e8b465ee728b)  -> (artifact id: '2ac3dc99627f39ccd5be4d949df77ff8') in 0.012387 seconds 
  Import took 0.017466 seconds .

========================================================================
Received Import Request.
  Time since last request: 0.003763 seconds.
  path: Assets/frefab
  artifactKey: Guid(f309ceeaefebcb24680a81de455f238c) Importer(815301076,1909f56bfc062723c751e8b465ee728b)
Start importing Assets/frefab using Guid(f309ceeaefebcb24680a81de455f238c) Importer(815301076,1909f56bfc062723c751e8b465ee728b)  -> (artifact id: '2ac3dc99627f39ccd5be4d949df77ff8') in 0.004016 seconds 
  Import took 0.007250 seconds .

========================================================================
Received Import Request.
  Time since last request: 9.614226 seconds.
  path: Assets/prefab
  artifactKey: Guid(f309ceeaefebcb24680a81de455f238c) Importer(815301076,1909f56bfc062723c751e8b465ee728b)
Start importing Assets/prefab using Guid(f309ceeaefebcb24680a81de455f238c) Importer(815301076,1909f56bfc062723c751e8b465ee728b)  -> (artifact id: '5de9c44fb364364712207c0a37cf3e42') in 0.008032 seconds 
  Import took 0.011263 seconds .

AssetImportWorkerClient::OnTransportError - code=2 error=End of file
