Using pre-set license
Built from '2020.3/staging' branch; Version is '2020.3.18f1 (a7d1c678663c) revision 10998214'; Using compiler version '192528614'; Build Type 'Release'
OS: 'Windows 10 Home Single Language; OS build 19042.1237; Version 2009; 64bit' Language: 'en' Physical Memory: 7874 MB
BatchMode: 1, IsHumanControllingUs: 0, StartBugReporterOnCrash: 0, Is64bit: 1, IsPro: 0

COMMAND LINE ARGUMENTS:
C:\Program Files\Unity\Hub\Editor\2020.3.18f1\Editor\Unity.exe
-adb2
-batchMode
-noUpm
-name
AssetImportWorker0
-projectPath
D:/unityproject/firstproject
-logFile
Logs/AssetImportWorker0.log
-srvPort
49853
Successfully changed project path to: D:/unityproject/firstproject
D:/unityproject/firstproject
Using Asset Import Pipeline V2.
Refreshing native plugins compatible for Editor in 42.67 ms, found 2 plugins.
Preloading 0 native plugins for Editor in 0.00 ms.
Initialize engine version: 2020.3.18f1 (a7d1c678663c)
[Subsystems] Discovering subsystems at path C:/Program Files/Unity/Hub/Editor/2020.3.18f1/Editor/Data/Resources/UnitySubsystems
[Subsystems] Discovering subsystems at path D:/unityproject/firstproject/Assets
GfxDevice: creating device client; threaded=0
Direct3D:
    Version:  Direct3D 11.0 [level 11.1]
    Renderer: Radeon RX 560X (ID=0x67ef)
    Vendor:   
    VRAM:     4041 MB
    Driver:   26.20.12036.4002
Initialize mono
Mono path[0] = 'C:/Program Files/Unity/Hub/Editor/2020.3.18f1/Editor/Data/Managed'
Mono path[1] = 'C:/Program Files/Unity/Hub/Editor/2020.3.18f1/Editor/Data/MonoBleedingEdge/lib/mono/unityjit'
Mono config path = 'C:/Program Files/Unity/Hub/Editor/2020.3.18f1/Editor/Data/MonoBleedingEdge/etc'
Using monoOptions --debugger-agent=transport=dt_socket,embedding=1,server=y,suspend=n,address=127.0.0.1:56804
Begin MonoManager ReloadAssembly
Registering precompiled unity dll's ...
Register platform support module: C:/Program Files/Unity/Hub/Editor/2020.3.18f1/Editor/Data/PlaybackEngines/WebGLSupport/UnityEditor.WebGL.Extensions.dll
Register platform support module: C:/Program Files/Unity/Hub/Editor/2020.3.18f1/Editor/Data/PlaybackEngines/WindowsStandaloneSupport/UnityEditor.WindowsStandalone.Extensions.dll
Registered in 0.003585 seconds.
Native extension for WindowsStandalone target not found
Native extension for WebGL target not found
Refreshing native plugins compatible for Editor in 35.35 ms, found 2 plugins.
Preloading 0 native plugins for Editor in 0.00 ms.
Mono: successfully reloaded assembly
- Completed reload, in  1.846 seconds
Domain Reload Profiling:
	ReloadAssembly (1847ms)
		BeginReloadAssembly (79ms)
			ExecutionOrderSort (0ms)
			DisableScriptedObjects (0ms)
			BackupInstance (0ms)
			ReleaseScriptingObjects (0ms)
			CreateAndSetChildDomain (1ms)
		EndReloadAssembly (606ms)
			LoadAssemblies (75ms)
			RebuildTransferFunctionScriptingTraits (0ms)
			SetupTypeCache (226ms)
			ReleaseScriptCaches (0ms)
			RebuildScriptCaches (41ms)
			SetupLoadedEditorAssemblies (241ms)
				LogAssemblyErrors (0ms)
				InitializePlatformSupportModulesInManaged (9ms)
				SetLoadedEditorAssemblies (0ms)
				RefreshPlugins (35ms)
				BeforeProcessingInitializeOnLoad (27ms)
				ProcessInitializeOnLoadAttributes (124ms)
				ProcessInitializeOnLoadMethodAttributes (45ms)
				AfterProcessingInitializeOnLoad (0ms)
				EditorAssembliesLoaded (0ms)
			ExecutionOrderSort2 (0ms)
			AwakeInstancesAfterBackupRestoration (0ms)
Platform modules already initialized, skipping
Registering precompiled user dll's ...
Registered in 0.002598 seconds.
Begin MonoManager ReloadAssembly
Native extension for WindowsStandalone target not found
Native extension for WebGL target not found
Refreshing native plugins compatible for Editor in 0.36 ms, found 2 plugins.
Preloading 0 native plugins for Editor in 0.00 ms.
Mono: successfully reloaded assembly
- Completed reload, in  1.454 seconds
Domain Reload Profiling:
	ReloadAssembly (1455ms)
		BeginReloadAssembly (219ms)
			ExecutionOrderSort (0ms)
			DisableScriptedObjects (7ms)
			BackupInstance (0ms)
			ReleaseScriptingObjects (0ms)
			CreateAndSetChildDomain (24ms)
		EndReloadAssembly (1127ms)
			LoadAssemblies (126ms)
			RebuildTransferFunctionScriptingTraits (0ms)
			SetupTypeCache (386ms)
			ReleaseScriptCaches (1ms)
			RebuildScriptCaches (55ms)
			SetupLoadedEditorAssemblies (433ms)
				LogAssemblyErrors (0ms)
				InitializePlatformSupportModulesInManaged (9ms)
				SetLoadedEditorAssemblies (1ms)
				RefreshPlugins (0ms)
				BeforeProcessingInitializeOnLoad (113ms)
				ProcessInitializeOnLoadAttributes (293ms)
				ProcessInitializeOnLoadMethodAttributes (6ms)
				AfterProcessingInitializeOnLoad (11ms)
				EditorAssembliesLoaded (0ms)
			ExecutionOrderSort2 (0ms)
			AwakeInstancesAfterBackupRestoration (14ms)
Platform modules already initialized, skipping
========================================================================
Worker process is ready to serve import requests
Launched and connected shader compiler UnityShaderCompiler.exe after 0.08 seconds
Refreshing native plugins compatible for Editor in 0.35 ms, found 2 plugins.
Preloading 0 native plugins for Editor in 0.00 ms.
Unloading 1397 Unused Serialized files (Serialized files now loaded: 0)
System memory in use before: 64.9 MB.
System memory in use after: 64.9 MB.

Unloading 16 unused Assets to reduce memory usage. Loaded Objects now: 1832.
Total: 3.731300 ms (FindLiveObjects: 0.234600 ms CreateObjectMapping: 0.041600 ms MarkObjects: 3.357700 ms  DeleteObjects: 0.095300 ms)

AssetImportParameters requested are different than current active one (requested -> active):
  custom:framework-win-MediaFoundation: 216162199b28c13a410421893ffa2e32 -> 
  custom:video-decoder-ogg-theora: a1e56fd34408186e4bbccfd4996cb3dc -> 
  custom:container-muxer-webm: aa71ff27fc2769a1b78a27578f13a17b -> 
  custom:container-demuxer-webm: 4f35f7cbe854078d1ac9338744f61a02 -> 
  custom:container-demuxer-ogg: 62fdf1f143b41e24485cea50d1cbac27 -> 
  custom:video-encoder-webm-vp8: eb34c28f22e8b96e1ab97ce403110664 -> 
  custom:video-decoder-webm-vp8: 9c59270c3fd7afecdb556c50c9e8de78 -> 
  custom:audio-decoder-ogg-vorbis: bf7c407c2cedff20999df2af8eb42d56 -> 
  custom:audio-encoder-webm-vorbis: bf7c407c2cedff20999df2af8eb42d56 -> 
========================================================================
Received Import Request.
  path: Assets/animation/birdanimation/biranimation2.png
  artifactKey: Guid(64971c85691dbf548bf027d3577b43fa) Importer(815301076,1909f56bfc062723c751e8b465ee728b)
Start importing Assets/animation/birdanimation/biranimation2.png using Guid(64971c85691dbf548bf027d3577b43fa) Importer(815301076,1909f56bfc062723c751e8b465ee728b)  -> (artifact id: 'a8a6d59698c2979202b0064b22103b2c') in 0.086763 seconds 
  Import took 0.090944 seconds .

========================================================================
Received Import Request.
  Time since last request: 0.000260 seconds.
  path: Assets/animation/birdanimation/full.png
  artifactKey: Guid(7668cb95501474a4a8023ffcf7773a66) Importer(815301076,1909f56bfc062723c751e8b465ee728b)
Start importing Assets/animation/birdanimation/full.png using Guid(7668cb95501474a4a8023ffcf7773a66) Importer(815301076,1909f56bfc062723c751e8b465ee728b)  -> (artifact id: '3f99c1c6f7add4dcfc394fd42e0d2c8f') in 0.033593 seconds 
  Import took 0.037126 seconds .

========================================================================
Received Import Request.
  Time since last request: 0.000247 seconds.
  path: Assets/animation/birdanimation/birdanimaition3.png
  artifactKey: Guid(364c4f5ecc361a0428248be9a327da82) Importer(815301076,1909f56bfc062723c751e8b465ee728b)
Start importing Assets/animation/birdanimation/birdanimaition3.png using Guid(364c4f5ecc361a0428248be9a327da82) Importer(815301076,1909f56bfc062723c751e8b465ee728b)  -> (artifact id: '9f095399646836595a2b54aeaf41de02') in 0.009952 seconds 
  Import took 0.014295 seconds .

========================================================================
Received Import Request.
  Time since last request: 0.000547 seconds.
  path: Assets/animation/birdanimation
  artifactKey: Guid(a5da7abc76ccedd448cce39994055678) Importer(815301076,1909f56bfc062723c751e8b465ee728b)
Start importing Assets/animation/birdanimation using Guid(a5da7abc76ccedd448cce39994055678) Importer(815301076,1909f56bfc062723c751e8b465ee728b)  -> (artifact id: '1f2bea7c8971ff3c45b30872c184da4a') in 0.013656 seconds 
  Import took 0.021454 seconds .

========================================================================
Received Import Request.
  Time since last request: 0.014064 seconds.
  path: Assets/animation/birdanimation
  artifactKey: Guid(a5da7abc76ccedd448cce39994055678) Importer(815301076,1909f56bfc062723c751e8b465ee728b)
Start importing Assets/animation/birdanimation using Guid(a5da7abc76ccedd448cce39994055678) Importer(815301076,1909f56bfc062723c751e8b465ee728b)  -> (artifact id: '1f2bea7c8971ff3c45b30872c184da4a') in 0.005154 seconds 
  Import took 0.010304 seconds .

========================================================================
Received Import Request.
  Time since last request: 238.925312 seconds.
  path: Assets/animation/birdanimation/full.png
  artifactKey: Guid(7668cb95501474a4a8023ffcf7773a66) Importer(815301076,1909f56bfc062723c751e8b465ee728b)
Start importing Assets/animation/birdanimation/full.png using Guid(7668cb95501474a4a8023ffcf7773a66) Importer(815301076,1909f56bfc062723c751e8b465ee728b)  -> (artifact id: '32d59bf15440dc5f3be36439cba02d08') in 0.018160 seconds 
  Import took 0.023323 seconds .

========================================================================
Received Import Request.
  Time since last request: 255.169009 seconds.
  path: Assets/animation/birdanimation/full.png
  artifactKey: Guid(7668cb95501474a4a8023ffcf7773a66) Importer(815301076,1909f56bfc062723c751e8b465ee728b)
Start importing Assets/animation/birdanimation/full.png using Guid(7668cb95501474a4a8023ffcf7773a66) Importer(815301076,1909f56bfc062723c751e8b465ee728b)  -> (artifact id: 'e132945502d96e7d5984215e92fc5ebb') in 0.080692 seconds 
  Import took 0.086979 seconds .

========================================================================
Received Import Request.
  Time since last request: 10.942686 seconds.
  path: Assets/animation/birdanimation/full.png
  artifactKey: Guid(7668cb95501474a4a8023ffcf7773a66) Importer(815301076,1909f56bfc062723c751e8b465ee728b)
Start importing Assets/animation/birdanimation/full.png using Guid(7668cb95501474a4a8023ffcf7773a66) Importer(815301076,1909f56bfc062723c751e8b465ee728b)  -> (artifact id: '14437009058c35c2369b286976dd9d1e') in 0.016916 seconds 
  Import took 0.020869 seconds .

========================================================================
Received Import Request.
  Time since last request: 904.882567 seconds.
  path: Assets/animation/full.png
  artifactKey: Guid(3b4a7b82f50c888419a90d82868d4eee) Importer(815301076,1909f56bfc062723c751e8b465ee728b)
Start importing Assets/animation/full.png using Guid(3b4a7b82f50c888419a90d82868d4eee) Importer(815301076,1909f56bfc062723c751e8b465ee728b)  -> (artifact id: 'f2f1126dfd57a3c0eee696cf2ae43cf5') in 0.032960 seconds 
  Import took 0.038652 seconds .

AssetImportWorkerClient::OnTransportError - code=2 error=End of file
